{"C:\\Users\\JENITA NISHAL GAMA\\Jenita\\Capstone_Project\\Reactjs_Project\\Backend\\src\\models\\doctors.js": {"path":"C:\\Users\\JENITA NISHAL GAMA\\Jenita\\Capstone_Project\\Reactjs_Project\\Backend\\src\\models\\doctors.js","statementMap":{"0":{"start":{"line":3,"column":21},"end":{"line":25,"column":2}},"1":{"start":{"line":26,"column":0},"end":{"line":26,"column":39}}},"fnMap":{},"branchMap":{},"s":{"0":1,"1":1},"f":{},"b":{},"_coverageSchema":"1a1c01bbd47fc00a2c39e90264f33305004495a9","hash":"8ab04e2b64f4186214f8af18f9680d059a675dcc"}
,"C:\\Users\\JENITA NISHAL GAMA\\Jenita\\Capstone_Project\\Reactjs_Project\\Backend\\src\\routes\\app.js": {"path":"C:\\Users\\JENITA NISHAL GAMA\\Jenita\\Capstone_Project\\Reactjs_Project\\Backend\\src\\routes\\app.js","statementMap":{"0":{"start":{"line":5,"column":12},"end":{"line":5,"column":21}},"1":{"start":{"line":17,"column":13},"end":{"line":20,"column":1}},"2":{"start":{"line":21,"column":12},"end":{"line":21,"column":53}},"3":{"start":{"line":24,"column":22},"end":{"line":24,"column":56}},"4":{"start":{"line":25,"column":0},"end":{"line":33,"column":5}},"5":{"start":{"line":27,"column":4},"end":{"line":27,"column":53}},"6":{"start":{"line":28,"column":4},"end":{"line":28,"column":50}},"7":{"start":{"line":31,"column":4},"end":{"line":31,"column":29}},"8":{"start":{"line":32,"column":4},"end":{"line":32,"column":25}},"9":{"start":{"line":37,"column":16},"end":{"line":37,"column":41}},"10":{"start":{"line":46,"column":0},"end":{"line":46,"column":34}},"11":{"start":{"line":49,"column":0},"end":{"line":49,"column":16}},"12":{"start":{"line":51,"column":0},"end":{"line":51,"column":52}},"13":{"start":{"line":52,"column":0},"end":{"line":52,"column":27}},"14":{"start":{"line":57,"column":0},"end":{"line":60,"column":3}},"15":{"start":{"line":58,"column":2},"end":{"line":58,"column":53}},"16":{"start":{"line":59,"column":2},"end":{"line":59,"column":53}},"17":{"start":{"line":64,"column":0},"end":{"line":74,"column":3}},"18":{"start":{"line":65,"column":26},"end":{"line":65,"column":47}},"19":{"start":{"line":66,"column":2},"end":{"line":66,"column":31}},"20":{"start":{"line":67,"column":2},"end":{"line":67,"column":30}},"21":{"start":{"line":68,"column":2},"end":{"line":73,"column":5}},"22":{"start":{"line":69,"column":4},"end":{"line":69,"column":19}},"23":{"start":{"line":70,"column":4},"end":{"line":70,"column":22}},"24":{"start":{"line":71,"column":4},"end":{"line":71,"column":19}},"25":{"start":{"line":80,"column":0},"end":{"line":85,"column":3}},"26":{"start":{"line":81,"column":2},"end":{"line":84,"column":5}},"27":{"start":{"line":82,"column":4},"end":{"line":82,"column":19}},"28":{"start":{"line":83,"column":4},"end":{"line":83,"column":19}},"29":{"start":{"line":89,"column":0},"end":{"line":97,"column":3}},"30":{"start":{"line":92,"column":2},"end":{"line":96,"column":5}},"31":{"start":{"line":93,"column":4},"end":{"line":93,"column":19}},"32":{"start":{"line":94,"column":4},"end":{"line":94,"column":22}},"33":{"start":{"line":95,"column":4},"end":{"line":95,"column":19}},"34":{"start":{"line":102,"column":0},"end":{"line":111,"column":3}},"35":{"start":{"line":103,"column":28},"end":{"line":103,"column":51}},"36":{"start":{"line":104,"column":2},"end":{"line":104,"column":33}},"37":{"start":{"line":105,"column":2},"end":{"line":105,"column":30}},"38":{"start":{"line":106,"column":2},"end":{"line":110,"column":5}},"39":{"start":{"line":107,"column":4},"end":{"line":107,"column":19}},"40":{"start":{"line":108,"column":4},"end":{"line":108,"column":22}},"41":{"start":{"line":109,"column":4},"end":{"line":109,"column":19}},"42":{"start":{"line":115,"column":0},"end":{"line":124,"column":3}},"43":{"start":{"line":116,"column":20},"end":{"line":116,"column":35}},"44":{"start":{"line":117,"column":2},"end":{"line":117,"column":25}},"45":{"start":{"line":118,"column":2},"end":{"line":118,"column":22}},"46":{"start":{"line":119,"column":2},"end":{"line":123,"column":5}},"47":{"start":{"line":120,"column":4},"end":{"line":120,"column":19}},"48":{"start":{"line":121,"column":4},"end":{"line":121,"column":22}},"49":{"start":{"line":122,"column":4},"end":{"line":122,"column":19}},"50":{"start":{"line":128,"column":0},"end":{"line":137,"column":3}},"51":{"start":{"line":129,"column":29},"end":{"line":129,"column":53}},"52":{"start":{"line":130,"column":2},"end":{"line":130,"column":34}},"53":{"start":{"line":131,"column":2},"end":{"line":131,"column":31}},"54":{"start":{"line":132,"column":2},"end":{"line":136,"column":5}},"55":{"start":{"line":133,"column":4},"end":{"line":133,"column":19}},"56":{"start":{"line":134,"column":4},"end":{"line":134,"column":22}},"57":{"start":{"line":135,"column":4},"end":{"line":135,"column":19}},"58":{"start":{"line":143,"column":0},"end":{"line":152,"column":3}},"59":{"start":{"line":144,"column":2},"end":{"line":151,"column":5}},"60":{"start":{"line":145,"column":4},"end":{"line":145,"column":39}},"61":{"start":{"line":146,"column":4},"end":{"line":146,"column":36}},"62":{"start":{"line":147,"column":4},"end":{"line":147,"column":63}},"63":{"start":{"line":149,"column":4},"end":{"line":149,"column":29}},"64":{"start":{"line":150,"column":4},"end":{"line":150,"column":25}},"65":{"start":{"line":158,"column":0},"end":{"line":168,"column":3}},"66":{"start":{"line":159,"column":2},"end":{"line":167,"column":5}},"67":{"start":{"line":160,"column":4},"end":{"line":160,"column":42}},"68":{"start":{"line":161,"column":4},"end":{"line":161,"column":39}},"69":{"start":{"line":162,"column":4},"end":{"line":162,"column":64}},"70":{"start":{"line":163,"column":4},"end":{"line":163,"column":14}},"71":{"start":{"line":165,"column":4},"end":{"line":165,"column":29}},"72":{"start":{"line":166,"column":4},"end":{"line":166,"column":25}},"73":{"start":{"line":177,"column":0},"end":{"line":186,"column":3}},"74":{"start":{"line":178,"column":2},"end":{"line":185,"column":5}},"75":{"start":{"line":179,"column":4},"end":{"line":179,"column":47}},"76":{"start":{"line":180,"column":4},"end":{"line":180,"column":44}},"77":{"start":{"line":181,"column":4},"end":{"line":181,"column":65}},"78":{"start":{"line":183,"column":4},"end":{"line":183,"column":29}},"79":{"start":{"line":184,"column":4},"end":{"line":184,"column":25}},"80":{"start":{"line":191,"column":0},"end":{"line":200,"column":3}},"81":{"start":{"line":192,"column":2},"end":{"line":199,"column":5}},"82":{"start":{"line":193,"column":4},"end":{"line":193,"column":47}},"83":{"start":{"line":194,"column":4},"end":{"line":194,"column":44}},"84":{"start":{"line":195,"column":4},"end":{"line":195,"column":65}},"85":{"start":{"line":197,"column":4},"end":{"line":197,"column":29}},"86":{"start":{"line":198,"column":4},"end":{"line":198,"column":25}}},"fnMap":{"0":{"name":"(anonymous_0)","decl":{"start":{"line":26,"column":8},"end":{"line":26,"column":9}},"loc":{"start":{"line":26,"column":14},"end":{"line":29,"column":3}},"line":26},"1":{"name":"(anonymous_1)","decl":{"start":{"line":30,"column":9},"end":{"line":30,"column":10}},"loc":{"start":{"line":30,"column":18},"end":{"line":33,"column":3}},"line":30},"2":{"name":"(anonymous_2)","decl":{"start":{"line":57,"column":13},"end":{"line":57,"column":14}},"loc":{"start":{"line":57,"column":27},"end":{"line":60,"column":1}},"line":57},"3":{"name":"(anonymous_3)","decl":{"start":{"line":64,"column":50},"end":{"line":64,"column":51}},"loc":{"start":{"line":64,"column":64},"end":{"line":74,"column":1}},"line":64},"4":{"name":"(anonymous_4)","decl":{"start":{"line":68,"column":50},"end":{"line":68,"column":51}},"loc":{"start":{"line":68,"column":71},"end":{"line":73,"column":3}},"line":68},"5":{"name":"(anonymous_5)","decl":{"start":{"line":80,"column":20},"end":{"line":80,"column":21}},"loc":{"start":{"line":80,"column":34},"end":{"line":85,"column":1}},"line":80},"6":{"name":"(anonymous_6)","decl":{"start":{"line":81,"column":19},"end":{"line":81,"column":20}},"loc":{"start":{"line":81,"column":40},"end":{"line":84,"column":3}},"line":81},"7":{"name":"(anonymous_7)","decl":{"start":{"line":89,"column":34},"end":{"line":89,"column":35}},"loc":{"start":{"line":89,"column":48},"end":{"line":97,"column":1}},"line":89},"8":{"name":"(anonymous_8)","decl":{"start":{"line":92,"column":39},"end":{"line":92,"column":40}},"loc":{"start":{"line":92,"column":60},"end":{"line":96,"column":3}},"line":92},"9":{"name":"(anonymous_9)","decl":{"start":{"line":102,"column":54},"end":{"line":102,"column":55}},"loc":{"start":{"line":102,"column":68},"end":{"line":111,"column":1}},"line":102},"10":{"name":"(anonymous_10)","decl":{"start":{"line":106,"column":54},"end":{"line":106,"column":55}},"loc":{"start":{"line":106,"column":75},"end":{"line":110,"column":3}},"line":106},"11":{"name":"(anonymous_11)","decl":{"start":{"line":115,"column":38},"end":{"line":115,"column":39}},"loc":{"start":{"line":115,"column":52},"end":{"line":124,"column":1}},"line":115},"12":{"name":"(anonymous_12)","decl":{"start":{"line":119,"column":38},"end":{"line":119,"column":39}},"loc":{"start":{"line":119,"column":59},"end":{"line":123,"column":3}},"line":119},"13":{"name":"(anonymous_13)","decl":{"start":{"line":128,"column":56},"end":{"line":128,"column":57}},"loc":{"start":{"line":128,"column":70},"end":{"line":137,"column":1}},"line":128},"14":{"name":"(anonymous_14)","decl":{"start":{"line":132,"column":56},"end":{"line":132,"column":57}},"loc":{"start":{"line":132,"column":77},"end":{"line":136,"column":3}},"line":132},"15":{"name":"(anonymous_15)","decl":{"start":{"line":143,"column":25},"end":{"line":143,"column":26}},"loc":{"start":{"line":143,"column":39},"end":{"line":152,"column":1}},"line":143},"16":{"name":"(anonymous_16)","decl":{"start":{"line":144,"column":32},"end":{"line":144,"column":33}},"loc":{"start":{"line":144,"column":41},"end":{"line":148,"column":3}},"line":144},"17":{"name":"(anonymous_17)","decl":{"start":{"line":148,"column":11},"end":{"line":148,"column":12}},"loc":{"start":{"line":148,"column":20},"end":{"line":151,"column":3}},"line":148},"18":{"name":"(anonymous_18)","decl":{"start":{"line":158,"column":29},"end":{"line":158,"column":30}},"loc":{"start":{"line":158,"column":43},"end":{"line":168,"column":1}},"line":158},"19":{"name":"(anonymous_19)","decl":{"start":{"line":159,"column":58},"end":{"line":159,"column":59}},"loc":{"start":{"line":159,"column":67},"end":{"line":164,"column":3}},"line":159},"20":{"name":"(anonymous_20)","decl":{"start":{"line":164,"column":11},"end":{"line":164,"column":12}},"loc":{"start":{"line":164,"column":20},"end":{"line":167,"column":3}},"line":164},"21":{"name":"(anonymous_21)","decl":{"start":{"line":177,"column":32},"end":{"line":177,"column":33}},"loc":{"start":{"line":177,"column":46},"end":{"line":186,"column":1}},"line":177},"22":{"name":"(anonymous_22)","decl":{"start":{"line":178,"column":48},"end":{"line":178,"column":49}},"loc":{"start":{"line":178,"column":57},"end":{"line":182,"column":3}},"line":178},"23":{"name":"(anonymous_23)","decl":{"start":{"line":182,"column":11},"end":{"line":182,"column":12}},"loc":{"start":{"line":182,"column":20},"end":{"line":185,"column":3}},"line":182},"24":{"name":"(anonymous_24)","decl":{"start":{"line":191,"column":34},"end":{"line":191,"column":35}},"loc":{"start":{"line":191,"column":48},"end":{"line":200,"column":1}},"line":191},"25":{"name":"(anonymous_25)","decl":{"start":{"line":192,"column":47},"end":{"line":192,"column":48}},"loc":{"start":{"line":192,"column":56},"end":{"line":196,"column":3}},"line":192},"26":{"name":"(anonymous_26)","decl":{"start":{"line":196,"column":11},"end":{"line":196,"column":12}},"loc":{"start":{"line":196,"column":20},"end":{"line":199,"column":3}},"line":196}},"branchMap":{},"s":{"0":1,"1":1,"2":1,"3":1,"4":1,"5":1,"6":1,"7":0,"8":0,"9":1,"10":1,"11":1,"12":1,"13":1,"14":1,"15":1,"16":1,"17":1,"18":1,"19":1,"20":1,"21":1,"22":1,"23":1,"24":1,"25":1,"26":0,"27":0,"28":0,"29":1,"30":0,"31":0,"32":0,"33":0,"34":1,"35":0,"36":0,"37":0,"38":0,"39":0,"40":0,"41":0,"42":1,"43":0,"44":0,"45":0,"46":0,"47":0,"48":0,"49":0,"50":1,"51":0,"52":0,"53":0,"54":0,"55":0,"56":0,"57":0,"58":1,"59":0,"60":0,"61":0,"62":0,"63":0,"64":0,"65":1,"66":0,"67":0,"68":0,"69":0,"70":0,"71":0,"72":0,"73":1,"74":0,"75":0,"76":0,"77":0,"78":0,"79":0,"80":1,"81":0,"82":0,"83":0,"84":0,"85":0,"86":0},"f":{"0":1,"1":0,"2":1,"3":1,"4":1,"5":0,"6":0,"7":0,"8":0,"9":0,"10":0,"11":0,"12":0,"13":0,"14":0,"15":0,"16":0,"17":0,"18":0,"19":0,"20":0,"21":0,"22":0,"23":0,"24":0,"25":0,"26":0},"b":{},"_coverageSchema":"1a1c01bbd47fc00a2c39e90264f33305004495a9","hash":"0a233b530f55e1aa1afb009ba6405e4e1fccc2b3"}
}
