{"C:\\Users\\JENITA NISHAL GAMA\\Jenita\\Capstone_Project\\Reactjs_Project\\Backend\\src\\models\\doctors.js": {"path":"C:\\Users\\JENITA NISHAL GAMA\\Jenita\\Capstone_Project\\Reactjs_Project\\Backend\\src\\models\\doctors.js","statementMap":{"0":{"start":{"line":3,"column":21},"end":{"line":25,"column":2}},"1":{"start":{"line":26,"column":0},"end":{"line":26,"column":39}}},"fnMap":{},"branchMap":{},"s":{"0":1,"1":1},"f":{},"b":{},"_coverageSchema":"1a1c01bbd47fc00a2c39e90264f33305004495a9","hash":"8ab04e2b64f4186214f8af18f9680d059a675dcc"}
,"C:\\Users\\JENITA NISHAL GAMA\\Jenita\\Capstone_Project\\Reactjs_Project\\Backend\\src\\routes\\app.js": {"path":"C:\\Users\\JENITA NISHAL GAMA\\Jenita\\Capstone_Project\\Reactjs_Project\\Backend\\src\\routes\\app.js","statementMap":{"0":{"start":{"line":5,"column":12},"end":{"line":5,"column":21}},"1":{"start":{"line":16,"column":13},"end":{"line":19,"column":1}},"2":{"start":{"line":20,"column":12},"end":{"line":20,"column":53}},"3":{"start":{"line":23,"column":22},"end":{"line":23,"column":56}},"4":{"start":{"line":24,"column":0},"end":{"line":32,"column":5}},"5":{"start":{"line":26,"column":4},"end":{"line":26,"column":53}},"6":{"start":{"line":27,"column":4},"end":{"line":27,"column":50}},"7":{"start":{"line":30,"column":4},"end":{"line":30,"column":29}},"8":{"start":{"line":31,"column":4},"end":{"line":31,"column":27}},"9":{"start":{"line":36,"column":16},"end":{"line":36,"column":41}},"10":{"start":{"line":45,"column":0},"end":{"line":45,"column":34}},"11":{"start":{"line":48,"column":0},"end":{"line":48,"column":16}},"12":{"start":{"line":50,"column":0},"end":{"line":50,"column":52}},"13":{"start":{"line":51,"column":0},"end":{"line":51,"column":27}},"14":{"start":{"line":56,"column":0},"end":{"line":60,"column":3}},"15":{"start":{"line":57,"column":2},"end":{"line":57,"column":53}},"16":{"start":{"line":58,"column":2},"end":{"line":58,"column":53}},"17":{"start":{"line":59,"column":2},"end":{"line":59,"column":25}},"18":{"start":{"line":67,"column":0},"end":{"line":73,"column":3}},"19":{"start":{"line":68,"column":2},"end":{"line":72,"column":5}},"20":{"start":{"line":69,"column":4},"end":{"line":69,"column":19}},"21":{"start":{"line":70,"column":4},"end":{"line":70,"column":84}},"22":{"start":{"line":71,"column":4},"end":{"line":71,"column":27}},"23":{"start":{"line":78,"column":0},"end":{"line":90,"column":3}},"24":{"start":{"line":79,"column":26},"end":{"line":79,"column":47}},"25":{"start":{"line":80,"column":2},"end":{"line":80,"column":31}},"26":{"start":{"line":81,"column":2},"end":{"line":89,"column":5}},"27":{"start":{"line":82,"column":4},"end":{"line":82,"column":19}},"28":{"start":{"line":83,"column":4},"end":{"line":83,"column":22}},"29":{"start":{"line":84,"column":2},"end":{"line":84,"column":85}},"30":{"start":{"line":85,"column":2},"end":{"line":85,"column":70}},"31":{"start":{"line":94,"column":0},"end":{"line":99,"column":3}},"32":{"start":{"line":95,"column":2},"end":{"line":98,"column":5}},"33":{"start":{"line":96,"column":4},"end":{"line":96,"column":26}},"34":{"start":{"line":97,"column":3},"end":{"line":97,"column":48}},"35":{"start":{"line":104,"column":0},"end":{"line":111,"column":3}},"36":{"start":{"line":105,"column":28},"end":{"line":105,"column":51}},"37":{"start":{"line":106,"column":2},"end":{"line":106,"column":33}},"38":{"start":{"line":107,"column":2},"end":{"line":110,"column":5}},"39":{"start":{"line":108,"column":4},"end":{"line":108,"column":19}},"40":{"start":{"line":109,"column":4},"end":{"line":109,"column":77}},"41":{"start":{"line":115,"column":0},"end":{"line":123,"column":3}},"42":{"start":{"line":116,"column":20},"end":{"line":116,"column":35}},"43":{"start":{"line":117,"column":2},"end":{"line":117,"column":25}},"44":{"start":{"line":118,"column":2},"end":{"line":122,"column":5}},"45":{"start":{"line":119,"column":4},"end":{"line":119,"column":19}},"46":{"start":{"line":120,"column":4},"end":{"line":120,"column":22}},"47":{"start":{"line":121,"column":4},"end":{"line":121,"column":47}},"48":{"start":{"line":127,"column":0},"end":{"line":135,"column":3}},"49":{"start":{"line":128,"column":29},"end":{"line":128,"column":53}},"50":{"start":{"line":129,"column":2},"end":{"line":129,"column":34}},"51":{"start":{"line":130,"column":2},"end":{"line":134,"column":5}},"52":{"start":{"line":131,"column":4},"end":{"line":131,"column":19}},"53":{"start":{"line":132,"column":4},"end":{"line":132,"column":22}},"54":{"start":{"line":133,"column":4},"end":{"line":133,"column":56}},"55":{"start":{"line":141,"column":0},"end":{"line":149,"column":3}},"56":{"start":{"line":142,"column":2},"end":{"line":148,"column":5}},"57":{"start":{"line":143,"column":4},"end":{"line":143,"column":56}},"58":{"start":{"line":144,"column":4},"end":{"line":144,"column":63}},"59":{"start":{"line":146,"column":4},"end":{"line":146,"column":19}},"60":{"start":{"line":147,"column":4},"end":{"line":147,"column":75}},"61":{"start":{"line":156,"column":0},"end":{"line":166,"column":3}},"62":{"start":{"line":157,"column":2},"end":{"line":165,"column":5}},"63":{"start":{"line":158,"column":4},"end":{"line":158,"column":42}},"64":{"start":{"line":159,"column":4},"end":{"line":159,"column":39}},"65":{"start":{"line":160,"column":4},"end":{"line":160,"column":65}},"66":{"start":{"line":161,"column":4},"end":{"line":161,"column":87}},"67":{"start":{"line":163,"column":4},"end":{"line":163,"column":29}},"68":{"start":{"line":164,"column":4},"end":{"line":164,"column":27}},"69":{"start":{"line":171,"column":0},"end":{"line":181,"column":3}},"70":{"start":{"line":172,"column":2},"end":{"line":180,"column":5}},"71":{"start":{"line":173,"column":4},"end":{"line":173,"column":37}},"72":{"start":{"line":174,"column":4},"end":{"line":174,"column":65}},"73":{"start":{"line":175,"column":4},"end":{"line":175,"column":42}},"74":{"start":{"line":177,"column":4},"end":{"line":177,"column":29}},"75":{"start":{"line":178,"column":4},"end":{"line":178,"column":68}},"76":{"start":{"line":184,"column":0},"end":{"line":194,"column":3}},"77":{"start":{"line":185,"column":2},"end":{"line":193,"column":5}},"78":{"start":{"line":186,"column":4},"end":{"line":186,"column":37}},"79":{"start":{"line":187,"column":4},"end":{"line":187,"column":65}},"80":{"start":{"line":188,"column":4},"end":{"line":188,"column":40}},"81":{"start":{"line":190,"column":4},"end":{"line":190,"column":29}},"82":{"start":{"line":191,"column":4},"end":{"line":191,"column":70}}},"fnMap":{"0":{"name":"(anonymous_0)","decl":{"start":{"line":25,"column":8},"end":{"line":25,"column":9}},"loc":{"start":{"line":25,"column":14},"end":{"line":28,"column":3}},"line":25},"1":{"name":"(anonymous_1)","decl":{"start":{"line":29,"column":9},"end":{"line":29,"column":10}},"loc":{"start":{"line":29,"column":18},"end":{"line":32,"column":3}},"line":29},"2":{"name":"(anonymous_2)","decl":{"start":{"line":56,"column":13},"end":{"line":56,"column":14}},"loc":{"start":{"line":56,"column":27},"end":{"line":60,"column":1}},"line":56},"3":{"name":"(anonymous_3)","decl":{"start":{"line":67,"column":20},"end":{"line":67,"column":21}},"loc":{"start":{"line":67,"column":34},"end":{"line":73,"column":1}},"line":67},"4":{"name":"(anonymous_4)","decl":{"start":{"line":68,"column":19},"end":{"line":68,"column":20}},"loc":{"start":{"line":68,"column":40},"end":{"line":72,"column":3}},"line":68},"5":{"name":"(anonymous_5)","decl":{"start":{"line":78,"column":50},"end":{"line":78,"column":51}},"loc":{"start":{"line":78,"column":64},"end":{"line":90,"column":1}},"line":78},"6":{"name":"(anonymous_6)","decl":{"start":{"line":81,"column":50},"end":{"line":81,"column":51}},"loc":{"start":{"line":81,"column":71},"end":{"line":89,"column":3}},"line":81},"7":{"name":"(anonymous_7)","decl":{"start":{"line":94,"column":34},"end":{"line":94,"column":35}},"loc":{"start":{"line":94,"column":48},"end":{"line":99,"column":1}},"line":94},"8":{"name":"(anonymous_8)","decl":{"start":{"line":95,"column":39},"end":{"line":95,"column":40}},"loc":{"start":{"line":95,"column":60},"end":{"line":98,"column":3}},"line":95},"9":{"name":"(anonymous_9)","decl":{"start":{"line":104,"column":54},"end":{"line":104,"column":55}},"loc":{"start":{"line":104,"column":68},"end":{"line":111,"column":1}},"line":104},"10":{"name":"(anonymous_10)","decl":{"start":{"line":107,"column":54},"end":{"line":107,"column":55}},"loc":{"start":{"line":107,"column":75},"end":{"line":110,"column":3}},"line":107},"11":{"name":"(anonymous_11)","decl":{"start":{"line":115,"column":38},"end":{"line":115,"column":39}},"loc":{"start":{"line":115,"column":52},"end":{"line":123,"column":1}},"line":115},"12":{"name":"(anonymous_12)","decl":{"start":{"line":118,"column":38},"end":{"line":118,"column":39}},"loc":{"start":{"line":118,"column":59},"end":{"line":122,"column":3}},"line":118},"13":{"name":"(anonymous_13)","decl":{"start":{"line":127,"column":56},"end":{"line":127,"column":57}},"loc":{"start":{"line":127,"column":70},"end":{"line":135,"column":1}},"line":127},"14":{"name":"(anonymous_14)","decl":{"start":{"line":130,"column":56},"end":{"line":130,"column":57}},"loc":{"start":{"line":130,"column":77},"end":{"line":134,"column":3}},"line":130},"15":{"name":"(anonymous_15)","decl":{"start":{"line":141,"column":25},"end":{"line":141,"column":26}},"loc":{"start":{"line":141,"column":39},"end":{"line":149,"column":1}},"line":141},"16":{"name":"(anonymous_16)","decl":{"start":{"line":142,"column":32},"end":{"line":142,"column":33}},"loc":{"start":{"line":142,"column":41},"end":{"line":145,"column":3}},"line":142},"17":{"name":"(anonymous_17)","decl":{"start":{"line":145,"column":11},"end":{"line":145,"column":12}},"loc":{"start":{"line":145,"column":20},"end":{"line":148,"column":3}},"line":145},"18":{"name":"(anonymous_18)","decl":{"start":{"line":156,"column":30},"end":{"line":156,"column":31}},"loc":{"start":{"line":156,"column":44},"end":{"line":166,"column":1}},"line":156},"19":{"name":"(anonymous_19)","decl":{"start":{"line":157,"column":58},"end":{"line":157,"column":59}},"loc":{"start":{"line":157,"column":67},"end":{"line":162,"column":3}},"line":157},"20":{"name":"(anonymous_20)","decl":{"start":{"line":162,"column":11},"end":{"line":162,"column":12}},"loc":{"start":{"line":162,"column":20},"end":{"line":165,"column":3}},"line":162},"21":{"name":"(anonymous_21)","decl":{"start":{"line":171,"column":41},"end":{"line":171,"column":42}},"loc":{"start":{"line":171,"column":56},"end":{"line":181,"column":1}},"line":171},"22":{"name":"(anonymous_22)","decl":{"start":{"line":172,"column":68},"end":{"line":172,"column":69}},"loc":{"start":{"line":172,"column":77},"end":{"line":176,"column":3}},"line":172},"23":{"name":"(anonymous_23)","decl":{"start":{"line":176,"column":11},"end":{"line":176,"column":12}},"loc":{"start":{"line":176,"column":20},"end":{"line":180,"column":3}},"line":176},"24":{"name":"(anonymous_24)","decl":{"start":{"line":184,"column":32},"end":{"line":184,"column":33}},"loc":{"start":{"line":184,"column":47},"end":{"line":194,"column":1}},"line":184},"25":{"name":"(anonymous_25)","decl":{"start":{"line":185,"column":48},"end":{"line":185,"column":49}},"loc":{"start":{"line":185,"column":57},"end":{"line":189,"column":3}},"line":185},"26":{"name":"(anonymous_26)","decl":{"start":{"line":189,"column":11},"end":{"line":189,"column":12}},"loc":{"start":{"line":189,"column":20},"end":{"line":193,"column":3}},"line":189}},"branchMap":{},"s":{"0":1,"1":1,"2":1,"3":1,"4":1,"5":1,"6":1,"7":0,"8":0,"9":1,"10":1,"11":1,"12":1,"13":1,"14":1,"15":1,"16":1,"17":1,"18":1,"19":0,"20":0,"21":0,"22":0,"23":1,"24":1,"25":1,"26":1,"27":1,"28":1,"29":1,"30":1,"31":1,"32":0,"33":0,"34":0,"35":1,"36":0,"37":0,"38":0,"39":0,"40":0,"41":1,"42":0,"43":0,"44":0,"45":0,"46":0,"47":0,"48":1,"49":0,"50":0,"51":0,"52":0,"53":0,"54":0,"55":1,"56":0,"57":0,"58":0,"59":0,"60":0,"61":1,"62":0,"63":0,"64":0,"65":0,"66":0,"67":0,"68":0,"69":1,"70":1,"71":0,"72":0,"73":0,"74":1,"75":1,"76":1,"77":0,"78":0,"79":0,"80":0,"81":0,"82":0},"f":{"0":1,"1":0,"2":1,"3":0,"4":0,"5":1,"6":1,"7":0,"8":0,"9":0,"10":0,"11":0,"12":0,"13":0,"14":0,"15":0,"16":0,"17":0,"18":0,"19":0,"20":0,"21":1,"22":0,"23":1,"24":0,"25":0,"26":0},"b":{},"_coverageSchema":"1a1c01bbd47fc00a2c39e90264f33305004495a9","hash":"ec36b6f41508bead00dcb0887faeb272205d82fb"}
}
