TN:
SF:src\models\doctors.js
FNF:0
FNH:0
DA:3,1
DA:26,1
LF:2
LH:2
BRF:0
BRH:0
end_of_record
TN:
SF:src\routes\app.js
FN:26,(anonymous_0)
FN:30,(anonymous_1)
FN:57,(anonymous_2)
FN:64,(anonymous_3)
FN:68,(anonymous_4)
FN:80,(anonymous_5)
FN:81,(anonymous_6)
FN:89,(anonymous_7)
FN:92,(anonymous_8)
FN:102,(anonymous_9)
FN:106,(anonymous_10)
FN:115,(anonymous_11)
FN:119,(anonymous_12)
FN:128,(anonymous_13)
FN:132,(anonymous_14)
FN:143,(anonymous_15)
FN:144,(anonymous_16)
FN:148,(anonymous_17)
FN:158,(anonymous_18)
FN:159,(anonymous_19)
FN:164,(anonymous_20)
FN:177,(anonymous_21)
FN:178,(anonymous_22)
FN:182,(anonymous_23)
FN:191,(anonymous_24)
FN:192,(anonymous_25)
FN:196,(anonymous_26)
FNF:27
FNH:4
FNDA:1,(anonymous_0)
FNDA:0,(anonymous_1)
FNDA:1,(anonymous_2)
FNDA:1,(anonymous_3)
FNDA:1,(anonymous_4)
FNDA:0,(anonymous_5)
FNDA:0,(anonymous_6)
FNDA:0,(anonymous_7)
FNDA:0,(anonymous_8)
FNDA:0,(anonymous_9)
FNDA:0,(anonymous_10)
FNDA:0,(anonymous_11)
FNDA:0,(anonymous_12)
FNDA:0,(anonymous_13)
FNDA:0,(anonymous_14)
FNDA:0,(anonymous_15)
FNDA:0,(anonymous_16)
FNDA:0,(anonymous_17)
FNDA:0,(anonymous_18)
FNDA:0,(anonymous_19)
FNDA:0,(anonymous_20)
FNDA:0,(anonymous_21)
FNDA:0,(anonymous_22)
FNDA:0,(anonymous_23)
FNDA:0,(anonymous_24)
FNDA:0,(anonymous_25)
FNDA:0,(anonymous_26)
DA:5,1
DA:17,1
DA:21,1
DA:24,1
DA:25,1
DA:27,1
DA:28,1
DA:31,0
DA:32,0
DA:37,1
DA:46,1
DA:49,1
DA:51,1
DA:52,1
DA:57,1
DA:58,1
DA:59,1
DA:64,1
DA:65,1
DA:66,1
DA:67,1
DA:68,1
DA:69,1
DA:70,1
DA:71,1
DA:80,1
DA:81,0
DA:82,0
DA:83,0
DA:89,1
DA:92,0
DA:93,0
DA:94,0
DA:95,0
DA:102,1
DA:103,0
DA:104,0
DA:105,0
DA:106,0
DA:107,0
DA:108,0
DA:109,0
DA:115,1
DA:116,0
DA:117,0
DA:118,0
DA:119,0
DA:120,0
DA:121,0
DA:122,0
DA:128,1
DA:129,0
DA:130,0
DA:131,0
DA:132,0
DA:133,0
DA:134,0
DA:135,0
DA:143,1
DA:144,0
DA:145,0
DA:146,0
DA:147,0
DA:149,0
DA:150,0
DA:158,1
DA:159,0
DA:160,0
DA:161,0
DA:162,0
DA:163,0
DA:165,0
DA:166,0
DA:177,1
DA:178,0
DA:179,0
DA:180,0
DA:181,0
DA:183,0
DA:184,0
DA:191,1
DA:192,0
DA:193,0
DA:194,0
DA:195,0
DA:197,0
DA:198,0
LF:87
LH:32
BRF:0
BRH:0
end_of_record
