TN:
SF:src\models\doctors.js
FNF:0
FNH:0
DA:3,1
DA:26,1
LF:2
LH:2
BRF:0
BRH:0
end_of_record
TN:
SF:src\routes\app.js
FN:25,(anonymous_0)
FN:29,(anonymous_1)
FN:56,(anonymous_2)
FN:67,(anonymous_3)
FN:68,(anonymous_4)
FN:78,(anonymous_5)
FN:81,(anonymous_6)
FN:94,(anonymous_7)
FN:95,(anonymous_8)
FN:104,(anonymous_9)
FN:107,(anonymous_10)
FN:115,(anonymous_11)
FN:118,(anonymous_12)
FN:127,(anonymous_13)
FN:130,(anonymous_14)
FN:141,(anonymous_15)
FN:142,(anonymous_16)
FN:145,(anonymous_17)
FN:156,(anonymous_18)
FN:157,(anonymous_19)
FN:162,(anonymous_20)
FN:171,(anonymous_21)
FN:172,(anonymous_22)
FN:176,(anonymous_23)
FN:184,(anonymous_24)
FN:185,(anonymous_25)
FN:189,(anonymous_26)
FNF:27
FNH:6
FNDA:1,(anonymous_0)
FNDA:0,(anonymous_1)
FNDA:1,(anonymous_2)
FNDA:0,(anonymous_3)
FNDA:0,(anonymous_4)
FNDA:1,(anonymous_5)
FNDA:1,(anonymous_6)
FNDA:0,(anonymous_7)
FNDA:0,(anonymous_8)
FNDA:0,(anonymous_9)
FNDA:0,(anonymous_10)
FNDA:0,(anonymous_11)
FNDA:0,(anonymous_12)
FNDA:0,(anonymous_13)
FNDA:0,(anonymous_14)
FNDA:0,(anonymous_15)
FNDA:0,(anonymous_16)
FNDA:0,(anonymous_17)
FNDA:0,(anonymous_18)
FNDA:0,(anonymous_19)
FNDA:0,(anonymous_20)
FNDA:1,(anonymous_21)
FNDA:0,(anonymous_22)
FNDA:1,(anonymous_23)
FNDA:0,(anonymous_24)
FNDA:0,(anonymous_25)
FNDA:0,(anonymous_26)
DA:5,1
DA:16,1
DA:20,1
DA:23,1
DA:24,1
DA:26,1
DA:27,1
DA:30,0
DA:31,0
DA:36,1
DA:45,1
DA:48,1
DA:50,1
DA:51,1
DA:56,1
DA:57,1
DA:58,1
DA:59,1
DA:67,1
DA:68,0
DA:69,0
DA:70,0
DA:71,0
DA:78,1
DA:79,1
DA:80,1
DA:81,1
DA:82,1
DA:83,1
DA:84,1
DA:85,1
DA:94,1
DA:95,0
DA:96,0
DA:97,0
DA:104,1
DA:105,0
DA:106,0
DA:107,0
DA:108,0
DA:109,0
DA:115,1
DA:116,0
DA:117,0
DA:118,0
DA:119,0
DA:120,0
DA:121,0
DA:127,1
DA:128,0
DA:129,0
DA:130,0
DA:131,0
DA:132,0
DA:133,0
DA:141,1
DA:142,0
DA:143,0
DA:144,0
DA:146,0
DA:147,0
DA:156,1
DA:157,0
DA:158,0
DA:159,0
DA:160,0
DA:161,0
DA:163,0
DA:164,0
DA:171,1
DA:172,1
DA:173,0
DA:174,0
DA:175,0
DA:177,1
DA:178,1
DA:184,1
DA:185,0
DA:186,0
DA:187,0
DA:188,0
DA:190,0
DA:191,0
LF:83
LH:36
BRF:0
BRH:0
end_of_record
